<?xml version="1.0" encoding="UTF-8"?>
<testng-results skipped="0" failed="0" ignored="0" total="1" passed="1">
  <reporter-output>
  </reporter-output>
  <suite name="Suite" duration-ms="10406" started-at="2019-08-07T09:07:07Z" finished-at="2019-08-07T09:07:17Z">
    <groups>
    </groups>
    <test name="Test" duration-ms="10406" started-at="2019-08-07T09:07:07Z" finished-at="2019-08-07T09:07:17Z">
      <class name="loginelite.NewTest">
        <test-method status="PASS" signature="beforeTest()[pri:0, instance:loginelite.NewTest@be92ad]" name="beforeTest" is-config="true" duration-ms="4427" started-at="2019-08-07T09:07:07Z" finished-at="2019-08-07T09:07:11Z">
          <reporter-output>
          </reporter-output>
        </test-method> <!-- beforeTest -->
        <test-method status="PASS" signature="firstTest()[pri:0, instance:loginelite.NewTest@be92ad]" name="firstTest" duration-ms="4838" started-at="2019-08-07T09:07:11Z" finished-at="2019-08-07T09:07:16Z">
          <reporter-output>
          </reporter-output>
        </test-method> <!-- firstTest -->
        <test-method status="PASS" signature="afterTest()[pri:0, instance:loginelite.NewTest@be92ad]" name="afterTest" is-config="true" duration-ms="1097" started-at="2019-08-07T09:07:16Z" finished-at="2019-08-07T09:07:17Z">
          <reporter-output>
          </reporter-output>
        </test-method> <!-- afterTest -->
      </class> <!-- loginelite.NewTest -->
    </test> <!-- Test -->
  </suite> <!-- Suite -->
</testng-results>
